<?xml version="1.0" encoding="UTF-8"?>
<!-- Generated by org.testng.reporters.JUnitXMLReporter -->
<testsuite ignored="4" hostname="IN-PF18SJRB" failures="0" tests="3" name="Test" time="84.529" errors="0" timestamp="2021-05-05T12:24:52 IST">
  <testcase classname="com.Guru99.TestCases.AddCustomer_TC" name="AddCustomer" time="25.031"/>
  <testcase classname="com.Guru99.TestCases.CurrentAccount_TC" name="CurrentAccount" time="20.002"/>
  <testcase classname="com.Guru99.TestCases.SavingsAccount_TC" name="savingsAccount" time="18.98"/>
  <testcase classname="com.Guru99.ConfigBase.ConfigBase" name="@BeforeSuite setReports" time="0.0">
    <ignored/>
  </testcase> <!-- @BeforeSuite setReports -->
  <testcase classname="com.Guru99.ConfigBase.ConfigBase" name="@BeforeSuite setReports" time="0.0">
    <ignored/>
  </testcase> <!-- @BeforeSuite setReports -->
  <testcase classname="com.Guru99.ConfigBase.ConfigBase" name="@AfterTest endReport" time="0.0">
    <ignored/>
  </testcase> <!-- @AfterTest endReport -->
  <testcase classname="com.Guru99.ConfigBase.ConfigBase" name="@AfterTest endReport" time="0.0">
    <ignored/>
  </testcase> <!-- @AfterTest endReport -->
</testsuite> <!-- Test -->
