<?xml version="1.0" encoding="UTF-8"?>
<testsuite xmlns:xsi="http://www.w3.org/2001/XMLSchema-instance" xsi:noNamespaceSchemaLocation="https://maven.apache.org/surefire/maven-surefire-plugin/xsd/surefire-test-report-3.0.xsd" version="3.0" name="TestSuite" time="86.911" tests="3" errors="0" skipped="0" failures="0">
  <properties>
[...]
</properties>
  <testcase name="AddCustomer" classname="com.Guru99.TestCases.AddCustomer_TC" time="24.949">
    <system-out><![CDATA[Suite XML Name is... Guru99
TestCase Name... AddCustomer
 INFO [main] (AddCustomer_TC.java:17)- Application Opened....
 INFO [main] (AddCustomer_TC.java:22)- Successfully verified welcome text...
Screenshot taken
 INFO [main] (AddCustomer_TC.java:30)- Customer added successfully...
Screenshot taken
 INFO [main] (AddCustomer_TC.java:39)- Verified Customer Registration Text...
Screenshot taken
]]></system-out>
    <system-err><![CDATA[Starting ChromeDriver 89.0.4389.23 (61b08ee2c50024bab004e48d2b1b083cdbdac579-refs/branch-heads/4389@{#294}) on port 37651
Only local connections are allowed.
Please see https://chromedriver.chromium.org/security-considerations for suggestions on keeping ChromeDriver safe.
ChromeDriver was started successfully.
[1620197613.862][WARNING]: This version of ChromeDriver has not been tested with Chrome version 90.
May 05, 2021 12:23:34 PM org.openqa.selenium.remote.ProtocolHandshake createSession
INFO: Detected dialect: W3C
]]></system-err>
  </testcase>
  <testcase name="CurrentAccount" classname="com.Guru99.TestCases.CurrentAccount_TC" time="19.966">
    <system-out><![CDATA[TestCase Name... CurrentAccount
 INFO [main] (CurrentAccount_TC.java:17)- Application Opened....
Screenshot taken
 INFO [main] (CurrentAccount_TC.java:26)- Entered customer id and Initial Deposit ....
Screenshot taken
 INFO [main] (CurrentAccount_TC.java:31)- Created Current Account Successfully ....
 INFO [main] (CurrentAccount_TC.java:37)- Verified Account Id ....
Screenshot taken
]]></system-out>
    <system-err><![CDATA[Starting ChromeDriver 89.0.4389.23 (61b08ee2c50024bab004e48d2b1b083cdbdac579-refs/branch-heads/4389@{#294}) on port 27195
Only local connections are allowed.
Please see https://chromedriver.chromium.org/security-considerations for suggestions on keeping ChromeDriver safe.
ChromeDriver was started successfully.
[1620197644.159][WARNING]: This version of ChromeDriver has not been tested with Chrome version 90.
May 05, 2021 12:24:05 PM org.openqa.selenium.remote.ProtocolHandshake createSession
INFO: Detected dialect: W3C
]]></system-err>
  </testcase>
  <testcase name="savingsAccount" classname="com.Guru99.TestCases.SavingsAccount_TC" time="18.95">
    <system-out><![CDATA[TestCase Name... savingsAccount
 INFO [main] (SavingsAccount_TC.java:18)- Login Success...
 INFO [main] (SavingsAccount_TC.java:23)- New Account page opened...
Screenshot taken
 INFO [main] (SavingsAccount_TC.java:31)- Savings Account Created...
 INFO [main] (SavingsAccount_TC.java:38)- Verified account registered title...
Screenshot taken
]]></system-out>
    <system-err><![CDATA[Starting ChromeDriver 89.0.4389.23 (61b08ee2c50024bab004e48d2b1b083cdbdac579-refs/branch-heads/4389@{#294}) on port 23536
Only local connections are allowed.
Please see https://chromedriver.chromium.org/security-considerations for suggestions on keeping ChromeDriver safe.
ChromeDriver was started successfully.
[1620197669.586][WARNING]: This version of ChromeDriver has not been tested with Chrome version 90.
May 05, 2021 12:24:30 PM org.openqa.selenium.remote.ProtocolHandshake createSession
INFO: Detected dialect: W3C
]]></system-err>
  </testcase>
</testsuite>